<?xml version="1.0" encoding="UTF-8"?>
<!-- Generated by org.testng.reporters.JUnitXMLReporter -->
<testsuite ignored="0" hostname="DESKTOP-OUM13QP" failures="0" tests="3" name="Surefire test" time="26.814" errors="0" timestamp="2021-11-20T15:43:28 IST">
  <testcase classname="sample.eazydiner.aboutusTest" name="test2" time="10.853"/>
  <testcase classname="sample.eazydiner.helpTest" name="test1" time="9.24"/>
  <testcase classname="sample.eazydiner.locationTest" name="test3" time="6.686"/>
</testsuite> <!-- Surefire test -->
