<?xml version="1.0" encoding="UTF-8"?>
<testng-results ignored="0" total="3" passed="3" failed="0" skipped="0">
  <reporter-output>
  </reporter-output>
  <suite started-at="2021-11-20T15:43:01 IST" name="Surefire suite" finished-at="2021-11-20T15:43:28 IST" duration-ms="26814">
    <groups>
    </groups>
    <test started-at="2021-11-20T15:43:01 IST" name="Surefire test" finished-at="2021-11-20T15:43:28 IST" duration-ms="26814">
      <class name="sample.eazydiner.aboutusTest">
        <test-method signature="test2()[pri:0, instance:sample.eazydiner.aboutusTest@279fedbd]" started-at="2021-11-20T15:43:01 IST" name="test2" finished-at="2021-11-20T15:43:12 IST" duration-ms="10853" status="PASS">
          <reporter-output>
          </reporter-output>
        </test-method> <!-- test2 -->
      </class> <!-- sample.eazydiner.aboutusTest -->
      <class name="sample.eazydiner.helpTest">
        <test-method signature="test1()[pri:0, instance:sample.eazydiner.helpTest@23348b5d]" started-at="2021-11-20T15:43:12 IST" name="test1" finished-at="2021-11-20T15:43:21 IST" duration-ms="9240" status="PASS">
          <reporter-output>
          </reporter-output>
        </test-method> <!-- test1 -->
      </class> <!-- sample.eazydiner.helpTest -->
      <class name="sample.eazydiner.locationTest">
        <test-method signature="test3()[pri:0, instance:sample.eazydiner.locationTest@70325e14]" started-at="2021-11-20T15:43:21 IST" name="test3" finished-at="2021-11-20T15:43:28 IST" duration-ms="6686" status="PASS">
          <reporter-output>
          </reporter-output>
        </test-method> <!-- test3 -->
      </class> <!-- sample.eazydiner.locationTest -->
    </test> <!-- Surefire test -->
  </suite> <!-- Surefire suite -->
</testng-results>
